#
# There is insufficient memory for the Java Runtime Environment to continue.
# Native memory allocation (malloc) failed to allocate 1095856 bytes for Chunk::new
# Possible reasons:
#   The system is out of physical RAM or swap space
#   In 32 bit mode, the process size limit was hit
# Possible solutions:
#   Reduce memory load on the system
#   Increase physical memory or swap space
#   Check if swap backing store is full
#   Use 64 bit Java on a 64 bit OS
#   Decrease Java heap size (-Xmx/-Xms)
#   Decrease number of Java threads
#   Decrease Java thread stack sizes (-Xss)
#   Set larger code cache with -XX:ReservedCodeCacheSize=
# This output file may be truncated or incomplete.
#
#  Out of Memory Error (allocation.cpp:390), pid=15904, tid=13828
#
# JRE version: Java(TM) SE Runtime Environment (8.0_20-b26) (build 1.8.0_20-b26)
# Java VM: Java HotSpot(TM) 64-Bit Server VM (25.20-b23 mixed mode windows-amd64 compressed oops)
# Failed to write core dump. Minidumps are not enabled by default on client versions of Windows
#

---------------  T H R E A D  ---------------

Current thread (0x00000000164c1000):  JavaThread "C2 CompilerThread1" daemon [_thread_in_native, id=13828, stack(0x00000000168c0000,0x00000000169c0000)]

Stack: [0x00000000168c0000,0x00000000169c0000]
Native frames: (J=compiled Java code, j=interpreted, Vv=VM code, C=native code)
V  [jvm.dll+0x3152fa]
V  [jvm.dll+0x265d03]
V  [jvm.dll+0x266943]
V  [jvm.dll+0x25e265]
V  [jvm.dll+0xbe255]
V  [jvm.dll+0xbe6fc]
V  [jvm.dll+0x477e2c]
V  [jvm.dll+0x445170]
V  [jvm.dll+0x4500de]
V  [jvm.dll+0x4526c8]
V  [jvm.dll+0x435fc2]
V  [jvm.dll+0x97b62]
V  [jvm.dll+0x98353]
V  [jvm.dll+0x22aac4]
V  [jvm.dll+0x283f5a]
C  [msvcr100.dll+0x21d9f]
C  [msvcr100.dll+0x21e3b]
C  [KERNEL32.DLL+0x13d2]
C  [ntdll.dll+0x15464]


Current CompileTask:
C2:  41811 8075       4       java.lang.Class::getMethod0 (40 bytes)


---------------  P R O C E S S  ---------------

Java Threads: ( => current thread )
  0x0000000019a67800 JavaThread "Stdin handler" [_thread_blocked, id=16364, stack(0x000000001cd30000,0x000000001ce30000)]
  0x0000000019a64800 JavaThread "Cancel handler" [_thread_blocked, id=14296, stack(0x000000001b9f0000,0x000000001baf0000)]
  0x0000000019a64000 JavaThread "Handler for socket connection from /127.0.0.1:31602 to /127.0.0.1:32075" [_thread_in_native, id=16296, stack(0x0000000018c20000,0x0000000018d20000)]
  0x000000001a598800 JavaThread "File lock request listener" [_thread_in_native, id=11680, stack(0x000000001b6c0000,0x000000001b7c0000)]
  0x0000000017b5b800 JavaThread "Daemon worker" [_thread_in_native, id=3020, stack(0x0000000018b20000,0x0000000018c20000)]
  0x00000000179af000 JavaThread "Daemon" [_thread_blocked, id=10472, stack(0x0000000018820000,0x0000000018920000)]
  0x00000000179b5800 JavaThread "Incoming local TCP Connector on port 31602" [_thread_in_native, id=14452, stack(0x00000000174c0000,0x00000000175c0000)]
  0x000000001654b000 JavaThread "Service Thread" daemon [_thread_blocked, id=14108, stack(0x0000000016ac0000,0x0000000016bc0000)]
  0x00000000164c7800 JavaThread "C1 CompilerThread2" daemon [_thread_blocked, id=6836, stack(0x00000000169c0000,0x0000000016ac0000)]
=>0x00000000164c1000 JavaThread "C2 CompilerThread1" daemon [_thread_in_native, id=13828, stack(0x00000000168c0000,0x00000000169c0000)]
  0x0000000014eac800 JavaThread "C2 CompilerThread0" daemon [_thread_in_native, id=8184, stack(0x00000000163c0000,0x00000000164c0000)]
  0x0000000014eab800 JavaThread "Attach Listener" daemon [_thread_blocked, id=12272, stack(0x00000000162c0000,0x00000000163c0000)]
  0x0000000014e5f800 JavaThread "Signal Dispatcher" daemon [_thread_blocked, id=14544, stack(0x00000000161c0000,0x00000000162c0000)]
  0x0000000014e17800 JavaThread "Finalizer" daemon [_thread_blocked, id=1696, stack(0x00000000160c0000,0x00000000161c0000)]
  0x0000000002770000 JavaThread "Reference Handler" daemon [_thread_blocked, id=208, stack(0x0000000015fc0000,0x00000000160c0000)]
  0x0000000002682800 JavaThread "main" [_thread_blocked, id=3712, stack(0x0000000002280000,0x0000000002380000)]

Other Threads:
  0x0000000014e16800 VMThread [stack: 0x0000000015ec0000,0x0000000015fc0000] [id=10548]
  0x000000001654d800 WatcherThread [stack: 0x0000000016bc0000,0x0000000016cc0000] [id=14052]

VM state:not at safepoint (normal execution)

VM Mutex/Monitor currently owned by a thread: None

Heap:
 PSYoungGen      total 212480K, used 22156K [0x00000000eab00000, 0x00000000fb480000, 0x0000000100000000)
  eden space 189952K, 10% used [0x00000000eab00000,0x00000000ebdeb2a0,0x00000000f6480000)
  from space 22528K, 12% used [0x00000000f6480000,0x00000000f6738000,0x00000000f7a80000)
  to   space 23040K, 0% used [0x00000000f9e00000,0x00000000f9e00000,0x00000000fb480000)
 ParOldGen       total 100352K, used 34831K [0x00000000c0000000, 0x00000000c6200000, 0x00000000eab00000)
  object space 100352K, 34% used [0x00000000c0000000,0x00000000c2203ee0,0x00000000c6200000)
 Metaspace       used 46285K, capacity 47806K, committed 48000K, reserved 1091584K
  class space    used 6188K, capacity 6450K, committed 6528K, reserved 1048576K

Card table byte_map: [0x0000000011b40000,0x0000000011d50000] byte_map_base: 0x0000000011540000

Marking Bits: (ParMarkBitMap*) 0x0000000065a4b460
 Begin Bits: [0x00000000122b0000, 0x00000000132b0000)
 End Bits:   [0x00000000132b0000, 0x00000000142b0000)

Polling page: 0x00000000008e0000

CodeCache: size=245760Kb used=23485Kb max_used=23494Kb free=222274Kb
 bounds [0x0000000002780000, 0x0000000003e90000, 0x0000000011780000]
 total_blobs=7658 nmethods=6960 adapters=609
 compilation: enabled

Compilation events (10 events):
Event: 41.563 Thread 0x00000000164c7800 8128       1       com.google.common.collect.TreeMultimap::valueComparator (5 bytes)
Event: 41.563 Thread 0x00000000164c7800 nmethod 8128 0x000000000314b490 code [0x000000000314b5e0, 0x000000000314b6f0]
Event: 41.669 Thread 0x00000000164c7800 8129       3       com.android.sdklib.repository.descriptors.PkgDesc::hasAndroidVersion (8 bytes)
Event: 41.669 Thread 0x00000000164c7800 nmethod 8129 0x0000000003538150 code [0x00000000035382a0, 0x0000000003538530]
Event: 41.746 Thread 0x00000000164c7800 8130       3       java.util.EnumMap::put (10 bytes)
Event: 41.747 Thread 0x00000000164c7800 nmethod 8130 0x0000000003537c90 code [0x0000000003537e00, 0x0000000003538088]
Event: 41.747 Thread 0x00000000164c7800 8131       3       java.util.EnumMap::typeCheck (59 bytes)
Event: 41.748 Thread 0x00000000164c7800 nmethod 8131 0x0000000002c2c250 code [0x0000000002c2c4a0, 0x0000000002c2d378]
Event: 41.748 Thread 0x00000000164c7800 8132       3       java.util.EnumMap::maskNull (12 bytes)
Event: 41.748 Thread 0x00000000164c7800 nmethod 8132 0x0000000002e0ed90 code [0x0000000002e0eee0, 0x0000000002e0f090]

GC Heap History (10 events):
Event: 8.937 GC heap before
{Heap before GC invocations=10 (full 2):
 PSYoungGen      total 169472K, used 12257K [0x00000000eab00000, 0x00000000f8580000, 0x0000000100000000)
  eden space 157184K, 0% used [0x00000000eab00000,0x00000000eab00000,0x00000000f4480000)
  from space 12288K, 99% used [0x00000000f5300000,0x00000000f5ef85a0,0x00000000f5f00000)
  to   space 14848K, 0% used [0x00000000f4480000,0x00000000f4480000,0x00000000f5300000)
 ParOldGen       total 61952K, used 14127K [0x00000000c0000000, 0x00000000c3c80000, 0x00000000eab00000)
  object space 61952K, 22% used [0x00000000c0000000,0x00000000c0dcbd48,0x00000000c3c80000)
 Metaspace       used 34665K, capacity 35304K, committed 35456K, reserved 1079296K
  class space    used 4725K, capacity 4890K, committed 4992K, reserved 1048576K
Event: 9.168 GC heap after
Heap after GC invocations=10 (full 2):
 PSYoungGen      total 169472K, used 0K [0x00000000eab00000, 0x00000000f8580000, 0x0000000100000000)
  eden space 157184K, 0% used [0x00000000eab00000,0x00000000eab00000,0x00000000f4480000)
  from space 12288K, 0% used [0x00000000f5300000,0x00000000f5300000,0x00000000f5f00000)
  to   space 14848K, 0% used [0x00000000f4480000,0x00000000f4480000,0x00000000f5300000)
 ParOldGen       total 100352K, used 22887K [0x00000000c0000000, 0x00000000c6200000, 0x00000000eab00000)
  object space 100352K, 22% used [0x00000000c0000000,0x00000000c1659e40,0x00000000c6200000)
 Metaspace       used 34665K, capacity 35304K, committed 35456K, reserved 1079296K
  class space    used 4725K, capacity 4890K, committed 4992K, reserved 1048576K
}
Event: 13.523 GC heap before
{Heap before GC invocations=11 (full 2):
 PSYoungGen      total 169472K, used 157184K [0x00000000eab00000, 0x00000000f8580000, 0x0000000100000000)
  eden space 157184K, 100% used [0x00000000eab00000,0x00000000f4480000,0x00000000f4480000)
  from space 12288K, 0% used [0x00000000f5300000,0x00000000f5300000,0x00000000f5f00000)
  to   space 14848K, 0% used [0x00000000f4480000,0x00000000f4480000,0x00000000f5300000)
 ParOldGen       total 100352K, used 22887K [0x00000000c0000000, 0x00000000c6200000, 0x00000000eab00000)
  object space 100352K, 22% used [0x00000000c0000000,0x00000000c1659e40,0x00000000c6200000)
 Metaspace       used 42780K, capacity 43668K, committed 43776K, reserved 1087488K
  class space    used 5900K, capacity 6144K, committed 6144K, reserved 1048576K
Event: 13.557 GC heap after
Heap after GC invocations=11 (full 2):
 PSYoungGen      total 172032K, used 14841K [0x00000000eab00000, 0x00000000f8d80000, 0x0000000100000000)
  eden space 157184K, 0% used [0x00000000eab00000,0x00000000eab00000,0x00000000f4480000)
  from space 14848K, 99% used [0x00000000f4480000,0x00000000f52fe650,0x00000000f5300000)
  to   space 19456K, 0% used [0x00000000f7a80000,0x00000000f7a80000,0x00000000f8d80000)
 ParOldGen       total 100352K, used 28908K [0x00000000c0000000, 0x00000000c6200000, 0x00000000eab00000)
  object space 100352K, 28% used [0x00000000c0000000,0x00000000c1c3b190,0x00000000c6200000)
 Metaspace       used 42780K, capacity 43668K, committed 43776K, reserved 1087488K
  class space    used 5900K, capacity 6144K, committed 6144K, reserved 1048576K
}
Event: 15.965 GC heap before
{Heap before GC invocations=12 (full 2):
 PSYoungGen      total 172032K, used 84877K [0x00000000eab00000, 0x00000000f8d80000, 0x0000000100000000)
  eden space 157184K, 44% used [0x00000000eab00000,0x00000000eef650e8,0x00000000f4480000)
  from space 14848K, 99% used [0x00000000f4480000,0x00000000f52fe650,0x00000000f5300000)
  to   space 19456K, 0% used [0x00000000f7a80000,0x00000000f7a80000,0x00000000f8d80000)
 ParOldGen       total 100352K, used 28908K [0x00000000c0000000, 0x00000000c6200000, 0x00000000eab00000)
  object space 100352K, 28% used [0x00000000c0000000,0x00000000c1c3b190,0x00000000c6200000)
 Metaspace       used 45033K, capacity 45888K, committed 46080K, reserved 1089536K
  class space    used 6096K, capacity 6307K, committed 6400K, reserved 1048576K
Event: 15.996 GC heap after
Heap after GC invocations=12 (full 2):
 PSYoungGen      total 209408K, used 19448K [0x00000000eab00000, 0x00000000f9380000, 0x0000000100000000)
  eden space 189952K, 0% used [0x00000000eab00000,0x00000000eab00000,0x00000000f6480000)
  from space 19456K, 99% used [0x00000000f7a80000,0x00000000f8d7e1d0,0x00000000f8d80000)
  to   space 22528K, 0% used [0x00000000f6480000,0x00000000f6480000,0x00000000f7a80000)
 ParOldGen       total 100352K, used 30387K [0x00000000c0000000, 0x00000000c6200000, 0x00000000eab00000)
  object space 100352K, 30% used [0x00000000c0000000,0x00000000c1dacde8,0x00000000c6200000)
 Metaspace       used 45033K, capacity 45888K, committed 46080K, reserved 1089536K
  class space    used 6096K, capacity 6307K, committed 6400K, reserved 1048576K
}
Event: 15.996 GC heap before
{Heap before GC invocations=13 (full 3):
 PSYoungGen      total 209408K, used 19448K [0x00000000eab00000, 0x00000000f9380000, 0x0000000100000000)
  eden space 189952K, 0% used [0x00000000eab00000,0x00000000eab00000,0x00000000f6480000)
  from space 19456K, 99% used [0x00000000f7a80000,0x00000000f8d7e1d0,0x00000000f8d80000)
  to   space 22528K, 0% used [0x00000000f6480000,0x00000000f6480000,0x00000000f7a80000)
 ParOldGen       total 100352K, used 30387K [0x00000000c0000000, 0x00000000c6200000, 0x00000000eab00000)
  object space 100352K, 30% used [0x00000000c0000000,0x00000000c1dacde8,0x00000000c6200000)
 Metaspace       used 45033K, capacity 45888K, committed 46080K, reserved 1089536K
  class space    used 6096K, capacity 6307K, committed 6400K, reserved 1048576K
Event: 16.302 GC heap after
Heap after GC invocations=13 (full 3):
 PSYoungGen      total 209408K, used 0K [0x00000000eab00000, 0x00000000f9380000, 0x0000000100000000)
  eden space 189952K, 0% used [0x00000000eab00000,0x00000000eab00000,0x00000000f6480000)
  from space 19456K, 0% used [0x00000000f7a80000,0x00000000f7a80000,0x00000000f8d80000)
  to   space 22528K, 0% used [0x00000000f6480000,0x00000000f6480000,0x00000000f7a80000)
 ParOldGen       total 100352K, used 34823K [0x00000000c0000000, 0x00000000c6200000, 0x00000000eab00000)
  object space 100352K, 34% used [0x00000000c0000000,0x00000000c2201ee0,0x00000000c6200000)
 Metaspace       used 45033K, capacity 45888K, committed 46080K, reserved 1089536K
  class space    used 6096K, capacity 6307K, committed 6400K, reserved 1048576K
}
Event: 41.160 GC heap before
{Heap before GC invocations=14 (full 3):
 PSYoungGen      total 209408K, used 189952K [0x00000000eab00000, 0x00000000f9380000, 0x0000000100000000)
  eden space 189952K, 100% used [0x00000000eab00000,0x00000000f6480000,0x00000000f6480000)
  from space 19456K, 0% used [0x00000000f7a80000,0x00000000f7a80000,0x00000000f8d80000)
  to   space 22528K, 0% used [0x00000000f6480000,0x00000000f6480000,0x00000000f7a80000)
 ParOldGen       total 100352K, used 34823K [0x00000000c0000000, 0x00000000c6200000, 0x00000000eab00000)
  object space 100352K, 34% used [0x00000000c0000000,0x00000000c2201ee0,0x00000000c6200000)
 Metaspace       used 46149K, capacity 47636K, committed 47744K, reserved 1091584K
  class space    used 6184K, capacity 6443K, committed 6528K, reserved 1048576K
Event: 41.167 GC heap after
Heap after GC invocations=14 (full 3):
 PSYoungGen      total 212480K, used 2784K [0x00000000eab00000, 0x00000000fb480000, 0x0000000100000000)
  eden space 189952K, 0% used [0x00000000eab00000,0x00000000eab00000,0x00000000f6480000)
  from space 22528K, 12% used [0x00000000f6480000,0x00000000f6738000,0x00000000f7a80000)
  to   space 23040K, 0% used [0x00000000f9e00000,0x00000000f9e00000,0x00000000fb480000)
 ParOldGen       total 100352K, used 34831K [0x00000000c0000000, 0x00000000c6200000, 0x00000000eab00000)
  object space 100352K, 34% used [0x00000000c0000000,0x00000000c2203ee0,0x00000000c6200000)
 Metaspace       used 46149K, capacity 47636K, committed 47744K, reserved 1091584K
  class space    used 6184K, capacity 6443K, committed 6528K, reserved 1048576K
}

Deoptimization events (10 events):
Event: 15.956 Thread 0x0000000017b5b800 Uncommon trap: reason=class_check action=maybe_recompile pc=0x000000000370500c method=java.util.HashMap.removeNode(ILjava/lang/Object;Ljava/lang/Object;ZZ)Ljava/util/HashMap$Node; @ 68
Event: 16.576 Thread 0x00000000179af800 Uncommon trap: reason=unloaded action=reinterpret pc=0x00000000036da1ac method=com.esotericsoftware.kryo.io.Input.require(I)I @ 128
Event: 23.226 Thread 0x0000000017b5b800 Uncommon trap: reason=class_check action=maybe_recompile pc=0x00000000036737a4 method=org.gradle.api.internal.file.pattern.PatternMatcherFactory$PathMatcherBackedSpec.isSatisfiedBy(Lorg/gradle/api/file/RelativePath;)Z @ 23
Event: 23.227 Thread 0x0000000017b5b800 Uncommon trap: reason=class_check action=maybe_recompile pc=0x00000000036737a4 method=org.gradle.api.internal.file.pattern.PatternMatcherFactory$PathMatcherBackedSpec.isSatisfiedBy(Lorg/gradle/api/file/RelativePath;)Z @ 23
Event: 23.260 Thread 0x0000000017b5b800 Uncommon trap: reason=class_check action=maybe_recompile pc=0x00000000036737a4 method=org.gradle.api.internal.file.pattern.PatternMatcherFactory$PathMatcherBackedSpec.isSatisfiedBy(Lorg/gradle/api/file/RelativePath;)Z @ 23
Event: 23.260 Thread 0x0000000017b5b800 Uncommon trap: reason=class_check action=maybe_recompile pc=0x00000000036737a4 method=org.gradle.api.internal.file.pattern.PatternMatcherFactory$PathMatcherBackedSpec.isSatisfiedBy(Lorg/gradle/api/file/RelativePath;)Z @ 23
Event: 25.507 Thread 0x0000000019a64800 Uncommon trap: reason=unreached action=reinterpret pc=0x00000000036e5d80 method=java.util.Arrays.equals([B[B)Z @ 2
Event: 26.367 Thread 0x0000000019a68800 Uncommon trap: reason=class_check action=maybe_recompile pc=0x0000000002e754c0 method=java.lang.Throwable.<init>(Ljava/lang/String;Ljava/lang/Throwable;)V @ 24
Event: 26.390 Thread 0x0000000017b5b800 Uncommon trap: reason=class_check action=maybe_recompile pc=0x000000000370500c method=java.util.HashMap.removeNode(ILjava/lang/Object;Ljava/lang/Object;ZZ)Ljava/util/HashMap$Node; @ 68
Event: 26.402 Thread 0x0000000017b5b800 Uncommon trap: reason=class_check action=maybe_recompile pc=0x000000000370500c method=java.util.HashMap.removeNode(ILjava/lang/Object;Ljava/lang/Object;ZZ)Ljava/util/HashMap$Node; @ 68

Internal exceptions (10 events):
Event: 40.307 Thread 0x0000000017b5b800 Exception <a 'java/security/PrivilegedActionException'> (0x00000000f4436300) thrown at [D:\re\workspace\8-2-build-windows-amd64-cygwin\jdk8u20\1074\hotspot\src\share\vm\prims\jvm.cpp, line 1275]
Event: 40.307 Thread 0x0000000017b5b800 Exception <a 'java/security/PrivilegedActionException'> (0x00000000f443eaa8) thrown at [D:\re\workspace\8-2-build-windows-amd64-cygwin\jdk8u20\1074\hotspot\src\share\vm\prims\jvm.cpp, line 1275]
Event: 40.307 Thread 0x0000000017b5b800 Exception <a 'java/security/PrivilegedActionException'> (0x00000000f4443108) thrown at [D:\re\workspace\8-2-build-windows-amd64-cygwin\jdk8u20\1074\hotspot\src\share\vm\prims\jvm.cpp, line 1275]
Event: 40.308 Thread 0x0000000017b5b800 Exception <a 'java/security/PrivilegedActionException'> (0x00000000f4448350) thrown at [D:\re\workspace\8-2-build-windows-amd64-cygwin\jdk8u20\1074\hotspot\src\share\vm\prims\jvm.cpp, line 1275]
Event: 40.308 Thread 0x0000000017b5b800 Exception <a 'java/security/PrivilegedActionException'> (0x00000000f4449818) thrown at [D:\re\workspace\8-2-build-windows-amd64-cygwin\jdk8u20\1074\hotspot\src\share\vm\prims\jvm.cpp, line 1275]
Event: 40.308 Thread 0x0000000017b5b800 Exception <a 'java/security/PrivilegedActionException'> (0x00000000f4453040) thrown at [D:\re\workspace\8-2-build-windows-amd64-cygwin\jdk8u20\1074\hotspot\src\share\vm\prims\jvm.cpp, line 1275]
Event: 40.309 Thread 0x0000000017b5b800 Exception <a 'java/security/PrivilegedActionException'> (0x00000000f4478460) thrown at [D:\re\workspace\8-2-build-windows-amd64-cygwin\jdk8u20\1074\hotspot\src\share\vm\prims\jvm.cpp, line 1275]
Event: 40.310 Thread 0x0000000017b5b800 Exception <a 'java/security/PrivilegedActionException'> (0x00000000f447dee8) thrown at [D:\re\workspace\8-2-build-windows-amd64-cygwin\jdk8u20\1074\hotspot\src\share\vm\prims\jvm.cpp, line 1275]
Event: 40.310 Thread 0x0000000017b5b800 Exception <a 'java/security/PrivilegedActionException'> (0x00000000f447f768) thrown at [D:\re\workspace\8-2-build-windows-amd64-cygwin\jdk8u20\1074\hotspot\src\share\vm\prims\jvm.cpp, line 1275]
Event: 40.310 Thread 0x0000000017b5b800 Exception <a 'java/security/PrivilegedActionException'> (0x00000000f4489d20) thrown at [D:\re\workspace\8-2-build-windows-amd64-cygwin\jdk8u20\1074\hotspot\src\share\vm\prims\jvm.cpp, line 1275]

Events (10 events):
Event: 41.177 Thread 0x00000000164c7800 flushing nmethod 0x0000000003537b90
Event: 41.177 Thread 0x00000000164c7800 flushing nmethod 0x0000000003538550
Event: 41.177 Thread 0x00000000164c7800 flushing nmethod 0x000000000353e4d0
Event: 41.177 Thread 0x00000000164c7800 flushing nmethod 0x00000000035406d0
Event: 41.177 Thread 0x00000000164c7800 flushing nmethod 0x00000000035440d0
Event: 41.180 Thread 0x00000000164c7800 flushing nmethod 0x00000000037ae190
Event: 41.181 Thread 0x00000000164c7800 flushing nmethod 0x0000000003882050
Event: 41.184 Thread 0x00000000164c7800 flushing nmethod 0x0000000003af7950
Event: 41.184 Thread 0x00000000164c7800 flushing nmethod 0x0000000003af8790
Event: 41.184 Thread 0x00000000164c7800 flushing nmethod 0x0000000003afddd0


Dynamic libraries:
0x00007ff6bb710000 - 0x00007ff6bb744000 	C:\Program Files\Java\jdk1.8.0_20\bin\java.exe
0x00007ffde6d00000 - 0x00007ffde6eac000 	C:\WINDOWS\SYSTEM32\ntdll.dll
0x00007ffde4b10000 - 0x00007ffde4c4e000 	C:\WINDOWS\system32\KERNEL32.DLL
0x00007ffde3f70000 - 0x00007ffde4085000 	C:\WINDOWS\system32\KERNELBASE.dll
0x00007ffde29f0000 - 0x00007ffde2a7e000 	C:\WINDOWS\system32\apphelp.dll
0x00007ffdc7810000 - 0x00007ffdc7863000 	C:\WINDOWS\AppPatch\AppPatch64\AcGenral.DLL
0x00007ffde5230000 - 0x00007ffde52da000 	C:\WINDOWS\system32\msvcrt.dll
0x00007ffde3c20000 - 0x00007ffde3c4e000 	C:\WINDOWS\SYSTEM32\SspiCli.dll
0x00007ffde43a0000 - 0x00007ffde43f4000 	C:\WINDOWS\system32\SHLWAPI.dll
0x00007ffde5040000 - 0x00007ffde51b7000 	C:\WINDOWS\system32\USER32.dll
0x00007ffde5470000 - 0x00007ffde5604000 	C:\WINDOWS\system32\ole32.dll
0x00007ffde5710000 - 0x00007ffde6c3b000 	C:\WINDOWS\system32\SHELL32.dll
0x00007ffde33f0000 - 0x00007ffde3411000 	C:\WINDOWS\SYSTEM32\USERENV.dll
0x00007ffde4de0000 - 0x00007ffde4e8a000 	C:\WINDOWS\system32\ADVAPI32.dll
0x00007ffddb010000 - 0x00007ffddb02e000 	C:\WINDOWS\SYSTEM32\MPR.dll
0x00007ffde4400000 - 0x00007ffde4541000 	C:\WINDOWS\system32\RPCRT4.dll
0x00007ffde56b0000 - 0x00007ffde5709000 	C:\WINDOWS\SYSTEM32\sechost.dll
0x00007ffde45b0000 - 0x00007ffde47c1000 	C:\WINDOWS\SYSTEM32\combase.dll
0x00007ffde52e0000 - 0x00007ffde5430000 	C:\WINDOWS\system32\GDI32.dll
0x00007ffde3e50000 - 0x00007ffde3e65000 	C:\WINDOWS\SYSTEM32\profapi.dll
0x00007ffde2420000 - 0x00007ffde24d2000 	C:\WINDOWS\SYSTEM32\SHCORE.dll
0x00007ffde5610000 - 0x00007ffde5646000 	C:\WINDOWS\system32\IMM32.DLL
0x00007ffde49b0000 - 0x00007ffde4b02000 	C:\WINDOWS\system32\MSCTF.dll
0x00007ffde1ab0000 - 0x00007ffde1d2b000 	C:\WINDOWS\WinSxS\amd64_microsoft.windows.common-controls_6595b64144ccf1df_6.0.9600.18006_none_623f33d3ecbe86e8\COMCTL32.dll
0x0000000064000000 - 0x00000000640d2000 	C:\Program Files\Java\jdk1.8.0_20\jre\bin\msvcr100.dll
0x0000000065270000 - 0x0000000065ac8000 	C:\Program Files\Java\jdk1.8.0_20\jre\bin\server\jvm.dll
0x00007ffddb090000 - 0x00007ffddb099000 	C:\WINDOWS\SYSTEM32\WSOCK32.dll
0x00007ffddf3e0000 - 0x00007ffddf402000 	C:\WINDOWS\SYSTEM32\WINMM.dll
0x00007ffde4390000 - 0x00007ffde4397000 	C:\WINDOWS\system32\PSAPI.DLL
0x00007ffde5650000 - 0x00007ffde56aa000 	C:\WINDOWS\system32\WS2_32.dll
0x00007ffddf3a0000 - 0x00007ffddf3ca000 	C:\WINDOWS\SYSTEM32\WINMMBASE.dll
0x00007ffde5450000 - 0x00007ffde5459000 	C:\WINDOWS\system32\NSI.dll
0x00007ffde3f20000 - 0x00007ffde3f6f000 	C:\WINDOWS\SYSTEM32\cfgmgr32.dll
0x00007ffde2c50000 - 0x00007ffde2c78000 	C:\WINDOWS\SYSTEM32\DEVOBJ.dll
0x0000000067020000 - 0x000000006702f000 	C:\Program Files\Java\jdk1.8.0_20\jre\bin\verify.dll
0x0000000065b00000 - 0x0000000065b28000 	C:\Program Files\Java\jdk1.8.0_20\jre\bin\java.dll
0x0000000065250000 - 0x0000000065266000 	C:\Program Files\Java\jdk1.8.0_20\jre\bin\zip.dll
0x0000000065230000 - 0x000000006524a000 	C:\Program Files\Java\jdk1.8.0_20\jre\bin\net.dll
0x00007ffde3660000 - 0x00007ffde36b9000 	C:\WINDOWS\system32\mswsock.dll
0x0000000065210000 - 0x0000000065221000 	C:\Program Files\Java\jdk1.8.0_20\jre\bin\nio.dll
0x00007ffdcb760000 - 0x00007ffdcb772000 	C:\Users\zblichao\.gradle\native\19\windows-amd64\native-platform.dll
0x00007ffdddbe0000 - 0x00007ffdddc0a000 	C:\WINDOWS\SYSTEM32\IPHLPAPI.DLL
0x00007ffdddbc0000 - 0x00007ffdddbca000 	C:\WINDOWS\SYSTEM32\WINNSI.DLL
0x00007ffddda60000 - 0x00007ffddda76000 	C:\WINDOWS\SYSTEM32\dhcpcsvc6.DLL
0x00007ffddd8d0000 - 0x00007ffddd8ea000 	C:\WINDOWS\SYSTEM32\dhcpcsvc.DLL
0x00007ffde36c0000 - 0x00007ffde36e0000 	C:\WINDOWS\SYSTEM32\CRYPTSP.dll
0x00007ffde32e0000 - 0x00007ffde3316000 	C:\WINDOWS\system32\rsaenh.dll
0x00007ffde3960000 - 0x00007ffde3986000 	C:\WINDOWS\SYSTEM32\bcrypt.dll
0x00007ffde3c50000 - 0x00007ffde3cb3000 	C:\WINDOWS\system32\bcryptprimitives.dll
0x00007ffde3cc0000 - 0x00007ffde3ccb000 	C:\WINDOWS\SYSTEM32\CRYPTBASE.dll
0x0000000065af0000 - 0x0000000065afd000 	C:\Program Files\Java\jdk1.8.0_20\jre\bin\management.dll
0x00007ffdd59d0000 - 0x00007ffdd5b59000 	C:\WINDOWS\SYSTEM32\dbghelp.dll

VM Arguments:
jvm_args: -XX:MaxPermSize=256m -XX:+HeapDumpOnOutOfMemoryError -Xmx1024m -Dfile.encoding=GBK -Duser.country=CN -Duser.language=zh -Duser.variant 
java_command: org.gradle.launcher.daemon.bootstrap.GradleDaemon 2.8
java_class_path (initial): C:\Users\zblichao\.gradle\wrapper\dists\gradle-2.8-all\ah86jmo43de9lfa8xg9ux3c4h\gradle-2.8\lib\gradle-launcher-2.8.jar
Launcher Type: SUN_STANDARD

Environment Variables:
JAVA_HOME=C:\Program Files\Java\jdk1.8.0_20
PATH=C:\ProgramData\Oracle\Java\javapath;C:\Program Files (x86)\NVIDIA Corporation\PhysX\Common;C:\Program Files (x86)\Intel\iCLS Client\;C:\Program Files\Intel\iCLS Client\;C:\WINDOWS\system32;C:\WINDOWS;C:\WINDOWS\System32\Wbem;C:\WINDOWS\System32\WindowsPowerShell\v1.0\;C:\Program Files (x86)\Windows Kits\8.1\Windows Performance Toolkit\;C:\Program Files\Intel\Intel(R) Management Engine Components\DAL;C:\Program Files\Intel\Intel(R) Management Engine Components\IPT;C:\Program Files (x86)\Intel\Intel(R) Management Engine Components\DAL;C:\Program Files (x86)\Intel\Intel(R) Management Engine Components\IPT;C:\Program Files\TortoiseSVN\bin;C:\Program Files (x86)\Microsoft SQL Server\100\Tools\Binn\;C:\Program Files\Microsoft SQL Server\100\Tools\Binn\;C:\Program Files\Microsoft SQL Server\100\DTS\Binn\;C:\Program Files (x86)\Microsoft SQL Server\100\Tools\Binn\VSShell\Common7\IDE\;C:\Program Files (x86)\Microsoft Visual Studio 9.0\Common7\IDE\PrivateAssemblies\;C:\Program Files (x86)\Microsoft SQL Server\100\DTS\Binn\;C:\Program Files\Java\jdk1.8.0_20\bin;C:\Program Files (x86)\Skype\Phone\;C:\Program Files\Java\jdk1.8.0_20\bin
USERNAME=zblichao
OS=Windows_NT
PROCESSOR_IDENTIFIER=Intel64 Family 6 Model 60 Stepping 3, GenuineIntel



---------------  S Y S T E M  ---------------

OS: Windows 8.1 , 64 bit Build 9600 

CPU:total 4 (2 cores per cpu, 2 threads per core) family 6 model 60 stepping 3, cmov, cx8, fxsr, mmx, sse, sse2, sse3, ssse3, sse4.1, sse4.2, popcnt, avx, avx2, aes, clmul, erms, lzcnt, ht, tsc, tscinvbit, bmi1, bmi2

Memory: 4k page, physical 8325616k(2685000k free), swap 33491440k(5660k free)

vm_info: Java HotSpot(TM) 64-Bit Server VM (25.20-b23) for windows-amd64 JRE (1.8.0_20-b26), built on Jul 30 2014 13:51:23 by "java_re" with MS VC++ 10.0 (VS2010)

time: Mon Mar 14 14:57:01 2016
elapsed time: 41 seconds (0d 0h 0m 41s)

