#
# There is insufficient memory for the Java Runtime Environment to continue.
# Native memory allocation (malloc) failed to allocate 310256 bytes for Chunk::new
# Possible reasons:
#   The system is out of physical RAM or swap space
#   In 32 bit mode, the process size limit was hit
# Possible solutions:
#   Reduce memory load on the system
#   Increase physical memory or swap space
#   Check if swap backing store is full
#   Use 64 bit Java on a 64 bit OS
#   Decrease Java heap size (-Xmx/-Xms)
#   Decrease number of Java threads
#   Decrease Java thread stack sizes (-Xss)
#   Set larger code cache with -XX:ReservedCodeCacheSize=
# This output file may be truncated or incomplete.
#
#  Out of Memory Error (allocation.cpp:390), pid=14284, tid=14576
#
# JRE version: Java(TM) SE Runtime Environment (8.0_20-b26) (build 1.8.0_20-b26)
# Java VM: Java HotSpot(TM) 64-Bit Server VM (25.20-b23 mixed mode windows-amd64 compressed oops)
# Failed to write core dump. Minidumps are not enabled by default on client versions of Windows
#

---------------  T H R E A D  ---------------

Current thread (0x000000001587b800):  JavaThread "C2 CompilerThread0" daemon [_thread_in_native, id=14576, stack(0x0000000016d80000,0x0000000016e80000)]

Stack: [0x0000000016d80000,0x0000000016e80000]
Native frames: (J=compiled Java code, j=interpreted, Vv=VM code, C=native code)
V  [jvm.dll+0x3152fa]
V  [jvm.dll+0x265d03]
V  [jvm.dll+0x266943]
V  [jvm.dll+0x25e265]
V  [jvm.dll+0xbe255]
V  [jvm.dll+0xbe6fc]
V  [jvm.dll+0x493db1]
V  [jvm.dll+0x444cdc]
V  [jvm.dll+0x4500de]
V  [jvm.dll+0x4526c8]
V  [jvm.dll+0x435fc2]
V  [jvm.dll+0x97b62]
V  [jvm.dll+0x98353]
V  [jvm.dll+0x22aac4]
V  [jvm.dll+0x283f5a]
C  [msvcr100.dll+0x21d9f]
C  [msvcr100.dll+0x21e3b]
C  [KERNEL32.DLL+0x13d2]
C  [ntdll.dll+0x15464]


Current CompileTask:
C2:  22859 7343       4       sun.reflect.generics.parser.SignatureParser::parseClassTypeSignature (118 bytes)


---------------  P R O C E S S  ---------------

Java Threads: ( => current thread )
  0x000000001a6f9800 JavaThread "Stdin handler" [_thread_blocked, id=3468, stack(0x0000000019580000,0x0000000019680000)]
  0x000000001a6f9000 JavaThread "Cancel handler" [_thread_blocked, id=10484, stack(0x0000000019380000,0x0000000019480000)]
  0x000000001a6f8000 JavaThread "Handler for socket connection from /127.0.0.1:29638 to /127.0.0.1:29852" [_thread_in_native, id=13776, stack(0x0000000019280000,0x0000000019380000)]
  0x0000000018cac000 JavaThread "File lock request listener" [_thread_in_native, id=15896, stack(0x000000001ac50000,0x000000001ad50000)]
  0x000000001805d000 JavaThread "Daemon worker" [_thread_in_vm, id=12212, stack(0x0000000019480000,0x0000000019580000)]
  0x000000001804d800 JavaThread "Daemon" [_thread_blocked, id=8448, stack(0x0000000019180000,0x0000000019280000)]
  0x00000000184fd800 JavaThread "Incoming local TCP Connector on port 29638" [_thread_in_native, id=14856, stack(0x0000000017e80000,0x0000000017f80000)]
  0x0000000016f0a000 JavaThread "Service Thread" daemon [_thread_blocked, id=4408, stack(0x0000000017480000,0x0000000017580000)]
  0x0000000016e87000 JavaThread "C1 CompilerThread2" daemon [_thread_in_native, id=13104, stack(0x0000000017380000,0x0000000017480000)]
  0x0000000016e80800 JavaThread "C2 CompilerThread1" daemon [_thread_in_native, id=11808, stack(0x0000000017280000,0x0000000017380000)]
=>0x000000001587b800 JavaThread "C2 CompilerThread0" daemon [_thread_in_native, id=14576, stack(0x0000000016d80000,0x0000000016e80000)]
  0x000000001587a800 JavaThread "Attach Listener" daemon [_thread_blocked, id=14852, stack(0x0000000016c80000,0x0000000016d80000)]
  0x000000001582d800 JavaThread "Signal Dispatcher" daemon [_thread_blocked, id=14160, stack(0x0000000016b80000,0x0000000016c80000)]
  0x0000000002d91800 JavaThread "Finalizer" daemon [_thread_blocked, id=7012, stack(0x0000000016a80000,0x0000000016b80000)]
  0x0000000002d8e000 JavaThread "Reference Handler" daemon [_thread_blocked, id=13564, stack(0x0000000016980000,0x0000000016a80000)]
  0x0000000002ca2800 JavaThread "main" [_thread_blocked, id=10464, stack(0x0000000001430000,0x0000000001530000)]

Other Threads:
  0x00000000157e6800 VMThread [stack: 0x0000000016880000,0x0000000016980000] [id=7860]
  0x0000000016f17000 WatcherThread [stack: 0x0000000017580000,0x0000000017680000] [id=1012]

VM state:not at safepoint (normal execution)

VM Mutex/Monitor currently owned by a thread:  ([mutex/lock_event])
[0x0000000002ca1150] Compile_lock - owner thread: 0x0000000016e87000
[0x0000000002ca0350] MethodCompileQueue_lock - owner thread: 0x0000000000000000

Heap:
 PSYoungGen      total 208384K, used 86504K [0x00000000eab00000, 0x00000000f9280000, 0x0000000100000000)
  eden space 188928K, 45% used [0x00000000eab00000,0x00000000eff7a260,0x00000000f6380000)
  from space 19456K, 0% used [0x00000000f7980000,0x00000000f7980000,0x00000000f8c80000)
  to   space 22528K, 0% used [0x00000000f6380000,0x00000000f6380000,0x00000000f7980000)
 ParOldGen       total 100352K, used 34767K [0x00000000c0000000, 0x00000000c6200000, 0x00000000eab00000)
  object space 100352K, 34% used [0x00000000c0000000,0x00000000c21f3e30,0x00000000c6200000)
 Metaspace       used 45854K, capacity 47260K, committed 47488K, reserved 1089536K
  class space    used 6172K, capacity 6420K, committed 6528K, reserved 1048576K

Card table byte_map: [0x0000000012510000,0x0000000012720000] byte_map_base: 0x0000000011f10000

Marking Bits: (ParMarkBitMap*) 0x0000000065a4b460
 Begin Bits: [0x0000000012c80000, 0x0000000013c80000)
 End Bits:   [0x0000000013c80000, 0x0000000014c80000)

Polling page: 0x0000000001280000

CodeCache: size=245760Kb used=23614Kb max_used=23614Kb free=222145Kb
 bounds [0x0000000003150000, 0x0000000004880000, 0x0000000012150000]
 total_blobs=7356 nmethods=6658 adapters=609
 compilation: enabled

Compilation events (10 events):
Event: 22.808 Thread 0x0000000016e87000 7495       1       org.gradle.api.internal.project.taskfactory.NestedBeanPropertyAnnotationHandler::getAnnotationType (4 bytes)
Event: 22.808 Thread 0x0000000016e87000 nmethod 7495 0x000000000483f250 code [0x000000000483f3a0, 0x000000000483f4b0]
Event: 22.809 Thread 0x0000000016e87000 7496       3       org.apache.commons.lang.text.StrBuilder::append (54 bytes)
Event: 22.809 Thread 0x0000000016e87000 nmethod 7496 0x000000000483f510 code [0x000000000483f6c0, 0x000000000483fbc8]
Event: 22.809 Thread 0x0000000016e87000 7497       1       org.gradle.api.internal.project.taskfactory.InputFilePropertyAnnotationHandler::getAnnotationType (4 bytes)
Event: 22.810 Thread 0x0000000016e87000 nmethod 7497 0x000000000483fd90 code [0x000000000483fee0, 0x000000000483fff0]
Event: 22.811 Thread 0x0000000016e87000 7498       3       groovy.lang.MetaClassImpl::sameClasses (53 bytes)
Event: 22.811 Thread 0x0000000016e87000 nmethod 7498 0x0000000004840050 code [0x00000000048401c0, 0x00000000048404f0]
Event: 22.812 Thread 0x0000000016e87000 7499   !   3       org.codehaus.groovy.runtime.callsite.PojoMetaMethodSite::checkCall (56 bytes)
Event: 22.812 Thread 0x0000000016e87000 nmethod 7499 0x0000000004840610 code [0x00000000048407e0, 0x0000000004841108]

GC Heap History (10 events):
Event: 9.158 GC heap before
{Heap before GC invocations=9 (full 1):
 PSYoungGen      total 140288K, used 76383K [0x00000000eab00000, 0x00000000f5d00000, 0x0000000100000000)
  eden space 129536K, 50% used [0x00000000eab00000,0x00000000eeb19c60,0x00000000f2980000)
  from space 10752K, 99% used [0x00000000f2980000,0x00000000f33fe158,0x00000000f3400000)
  to   space 12288K, 0% used [0x00000000f5100000,0x00000000f5100000,0x00000000f5d00000)
 ParOldGen       total 61952K, used 10656K [0x00000000c0000000, 0x00000000c3c80000, 0x00000000eab00000)
  object space 61952K, 17% used [0x00000000c0000000,0x00000000c0a68268,0x00000000c3c80000)
 Metaspace       used 34667K, capacity 35244K, committed 35456K, reserved 1079296K
  class space    used 4734K, capacity 4890K, committed 4992K, reserved 1048576K
Event: 9.199 GC heap after
Heap after GC invocations=9 (full 1):
 PSYoungGen      total 167424K, used 12273K [0x00000000eab00000, 0x00000000f8680000, 0x0000000100000000)
  eden space 155136K, 0% used [0x00000000eab00000,0x00000000eab00000,0x00000000f4280000)
  from space 12288K, 99% used [0x00000000f5100000,0x00000000f5cfc590,0x00000000f5d00000)
  to   space 14848K, 0% used [0x00000000f4280000,0x00000000f4280000,0x00000000f5100000)
 ParOldGen       total 61952K, used 13224K [0x00000000c0000000, 0x00000000c3c80000, 0x00000000eab00000)
  object space 61952K, 21% used [0x00000000c0000000,0x00000000c0cea068,0x00000000c3c80000)
 Metaspace       used 34667K, capacity 35244K, committed 35456K, reserved 1079296K
  class space    used 4734K, capacity 4890K, committed 4992K, reserved 1048576K
}
Event: 9.199 GC heap before
{Heap before GC invocations=10 (full 2):
 PSYoungGen      total 167424K, used 12273K [0x00000000eab00000, 0x00000000f8680000, 0x0000000100000000)
  eden space 155136K, 0% used [0x00000000eab00000,0x00000000eab00000,0x00000000f4280000)
  from space 12288K, 99% used [0x00000000f5100000,0x00000000f5cfc590,0x00000000f5d00000)
  to   space 14848K, 0% used [0x00000000f4280000,0x00000000f4280000,0x00000000f5100000)
 ParOldGen       total 61952K, used 13224K [0x00000000c0000000, 0x00000000c3c80000, 0x00000000eab00000)
  object space 61952K, 21% used [0x00000000c0000000,0x00000000c0cea068,0x00000000c3c80000)
 Metaspace       used 34667K, capacity 35244K, committed 35456K, reserved 1079296K
  class space    used 4734K, capacity 4890K, committed 4992K, reserved 1048576K
Event: 9.392 GC heap after
Heap after GC invocations=10 (full 2):
 PSYoungGen      total 167424K, used 0K [0x00000000eab00000, 0x00000000f8680000, 0x0000000100000000)
  eden space 155136K, 0% used [0x00000000eab00000,0x00000000eab00000,0x00000000f4280000)
  from space 12288K, 0% used [0x00000000f5100000,0x00000000f5100000,0x00000000f5d00000)
  to   space 14848K, 0% used [0x00000000f4280000,0x00000000f4280000,0x00000000f5100000)
 ParOldGen       total 100352K, used 22912K [0x00000000c0000000, 0x00000000c6200000, 0x00000000eab00000)
  object space 100352K, 22% used [0x00000000c0000000,0x00000000c1660390,0x00000000c6200000)
 Metaspace       used 34667K, capacity 35244K, committed 35456K, reserved 1079296K
  class space    used 4734K, capacity 4890K, committed 4992K, reserved 1048576K
}
Event: 13.541 GC heap before
{Heap before GC invocations=11 (full 2):
 PSYoungGen      total 167424K, used 155136K [0x00000000eab00000, 0x00000000f8680000, 0x0000000100000000)
  eden space 155136K, 100% used [0x00000000eab00000,0x00000000f4280000,0x00000000f4280000)
  from space 12288K, 0% used [0x00000000f5100000,0x00000000f5100000,0x00000000f5d00000)
  to   space 14848K, 0% used [0x00000000f4280000,0x00000000f4280000,0x00000000f5100000)
 ParOldGen       total 100352K, used 22912K [0x00000000c0000000, 0x00000000c6200000, 0x00000000eab00000)
  object space 100352K, 22% used [0x00000000c0000000,0x00000000c1660390,0x00000000c6200000)
 Metaspace       used 42770K, capacity 43730K, committed 43776K, reserved 1087488K
  class space    used 5900K, capacity 6143K, committed 6144K, reserved 1048576K
Event: 13.572 GC heap after
Heap after GC invocations=11 (full 2):
 PSYoungGen      total 169984K, used 14840K [0x00000000eab00000, 0x00000000f8c80000, 0x0000000100000000)
  eden space 155136K, 0% used [0x00000000eab00000,0x00000000eab00000,0x00000000f4280000)
  from space 14848K, 99% used [0x00000000f4280000,0x00000000f50fe210,0x00000000f5100000)
  to   space 19456K, 0% used [0x00000000f7980000,0x00000000f7980000,0x00000000f8c80000)
 ParOldGen       total 100352K, used 28748K [0x00000000c0000000, 0x00000000c6200000, 0x00000000eab00000)
  object space 100352K, 28% used [0x00000000c0000000,0x00000000c1c132a0,0x00000000c6200000)
 Metaspace       used 42770K, capacity 43730K, committed 43776K, reserved 1087488K
  class space    used 5900K, capacity 6143K, committed 6144K, reserved 1048576K
}
Event: 15.670 GC heap before
{Heap before GC invocations=12 (full 2):
 PSYoungGen      total 169984K, used 72791K [0x00000000eab00000, 0x00000000f8c80000, 0x0000000100000000)
  eden space 155136K, 37% used [0x00000000eab00000,0x00000000ee397a50,0x00000000f4280000)
  from space 14848K, 99% used [0x00000000f4280000,0x00000000f50fe210,0x00000000f5100000)
  to   space 19456K, 0% used [0x00000000f7980000,0x00000000f7980000,0x00000000f8c80000)
 ParOldGen       total 100352K, used 28748K [0x00000000c0000000, 0x00000000c6200000, 0x00000000eab00000)
  object space 100352K, 28% used [0x00000000c0000000,0x00000000c1c132a0,0x00000000c6200000)
 Metaspace       used 45054K, capacity 46014K, committed 46336K, reserved 1089536K
  class space    used 6099K, capacity 6306K, committed 6400K, reserved 1048576K
Event: 15.697 GC heap after
Heap after GC invocations=12 (full 2):
 PSYoungGen      total 208384K, used 19435K [0x00000000eab00000, 0x00000000f9280000, 0x0000000100000000)
  eden space 188928K, 0% used [0x00000000eab00000,0x00000000eab00000,0x00000000f6380000)
  from space 19456K, 99% used [0x00000000f7980000,0x00000000f8c7afc8,0x00000000f8c80000)
  to   space 22528K, 0% used [0x00000000f6380000,0x00000000f6380000,0x00000000f7980000)
 ParOldGen       total 100352K, used 30497K [0x00000000c0000000, 0x00000000c6200000, 0x00000000eab00000)
  object space 100352K, 30% used [0x00000000c0000000,0x00000000c1dc84c0,0x00000000c6200000)
 Metaspace       used 45054K, capacity 46014K, committed 46336K, reserved 1089536K
  class space    used 6099K, capacity 6306K, committed 6400K, reserved 1048576K
}
Event: 15.697 GC heap before
{Heap before GC invocations=13 (full 3):
 PSYoungGen      total 208384K, used 19435K [0x00000000eab00000, 0x00000000f9280000, 0x0000000100000000)
  eden space 188928K, 0% used [0x00000000eab00000,0x00000000eab00000,0x00000000f6380000)
  from space 19456K, 99% used [0x00000000f7980000,0x00000000f8c7afc8,0x00000000f8c80000)
  to   space 22528K, 0% used [0x00000000f6380000,0x00000000f6380000,0x00000000f7980000)
 ParOldGen       total 100352K, used 30497K [0x00000000c0000000, 0x00000000c6200000, 0x00000000eab00000)
  object space 100352K, 30% used [0x00000000c0000000,0x00000000c1dc84c0,0x00000000c6200000)
 Metaspace       used 45054K, capacity 46014K, committed 46336K, reserved 1089536K
  class space    used 6099K, capacity 6306K, committed 6400K, reserved 1048576K
Event: 15.896 GC heap after
Heap after GC invocations=13 (full 3):
 PSYoungGen      total 208384K, used 0K [0x00000000eab00000, 0x00000000f9280000, 0x0000000100000000)
  eden space 188928K, 0% used [0x00000000eab00000,0x00000000eab00000,0x00000000f6380000)
  from space 19456K, 0% used [0x00000000f7980000,0x00000000f7980000,0x00000000f8c80000)
  to   space 22528K, 0% used [0x00000000f6380000,0x00000000f6380000,0x00000000f7980000)
 ParOldGen       total 100352K, used 34767K [0x00000000c0000000, 0x00000000c6200000, 0x00000000eab00000)
  object space 100352K, 34% used [0x00000000c0000000,0x00000000c21f3e30,0x00000000c6200000)
 Metaspace       used 45054K, capacity 46014K, committed 46336K, reserved 1089536K
  class space    used 6099K, capacity 6306K, committed 6400K, reserved 1048576K
}

Deoptimization events (10 events):
Event: 15.585 Thread 0x000000001a6f9000 Uncommon trap: reason=class_check action=maybe_recompile pc=0x0000000003937528 method=java.lang.Throwable.<init>(Ljava/lang/Throwable;)V @ 24
Event: 15.585 Thread 0x000000001a6f9000 Uncommon trap: reason=class_check action=maybe_recompile pc=0x0000000003937528 method=java.lang.Throwable.<init>(Ljava/lang/Throwable;)V @ 24
Event: 15.585 Thread 0x000000001a6f9000 Uncommon trap: reason=class_check action=maybe_recompile pc=0x0000000003937528 method=java.lang.Throwable.<init>(Ljava/lang/Throwable;)V @ 24
Event: 15.640 Thread 0x000000001805d000 Uncommon trap: reason=class_check action=maybe_recompile pc=0x0000000003cede54 method=java.util.HashMap.removeNode(ILjava/lang/Object;Ljava/lang/Object;ZZ)Ljava/util/HashMap$Node; @ 68
Event: 15.662 Thread 0x000000001805d000 Uncommon trap: reason=class_check action=maybe_recompile pc=0x0000000003cede54 method=java.util.HashMap.removeNode(ILjava/lang/Object;Ljava/lang/Object;ZZ)Ljava/util/HashMap$Node; @ 68
Event: 15.979 Thread 0x0000000018050800 Uncommon trap: reason=unloaded action=reinterpret pc=0x00000000037a472c method=com.esotericsoftware.kryo.io.Input.require(I)I @ 128
Event: 22.495 Thread 0x000000001805d000 Uncommon trap: reason=class_check action=maybe_recompile pc=0x0000000003394078 method=org.gradle.api.internal.file.pattern.PatternMatcherFactory$PathMatcherBackedSpec.isSatisfiedBy(Lorg/gradle/api/file/RelativePath;)Z @ 23
Event: 22.495 Thread 0x000000001805d000 Uncommon trap: reason=class_check action=maybe_recompile pc=0x0000000003394078 method=org.gradle.api.internal.file.pattern.PatternMatcherFactory$PathMatcherBackedSpec.isSatisfiedBy(Lorg/gradle/api/file/RelativePath;)Z @ 23
Event: 22.521 Thread 0x000000001805d000 Uncommon trap: reason=class_check action=maybe_recompile pc=0x0000000003394078 method=org.gradle.api.internal.file.pattern.PatternMatcherFactory$PathMatcherBackedSpec.isSatisfiedBy(Lorg/gradle/api/file/RelativePath;)Z @ 23
Event: 22.521 Thread 0x000000001805d000 Uncommon trap: reason=class_check action=maybe_recompile pc=0x0000000003394078 method=org.gradle.api.internal.file.pattern.PatternMatcherFactory$PathMatcherBackedSpec.isSatisfiedBy(Lorg/gradle/api/file/RelativePath;)Z @ 23

Internal exceptions (10 events):
Event: 19.734 Thread 0x000000001805d000 Exception <a 'java/security/PrivilegedActionException'> (0x00000000eb7014e8) thrown at [D:\re\workspace\8-2-build-windows-amd64-cygwin\jdk8u20\1074\hotspot\src\share\vm\prims\jvm.cpp, line 1275]
Event: 19.734 Thread 0x000000001805d000 Exception <a 'java/security/PrivilegedActionException'> (0x00000000eb709c90) thrown at [D:\re\workspace\8-2-build-windows-amd64-cygwin\jdk8u20\1074\hotspot\src\share\vm\prims\jvm.cpp, line 1275]
Event: 19.734 Thread 0x000000001805d000 Exception <a 'java/security/PrivilegedActionException'> (0x00000000eb70e2f0) thrown at [D:\re\workspace\8-2-build-windows-amd64-cygwin\jdk8u20\1074\hotspot\src\share\vm\prims\jvm.cpp, line 1275]
Event: 19.735 Thread 0x000000001805d000 Exception <a 'java/security/PrivilegedActionException'> (0x00000000eb713538) thrown at [D:\re\workspace\8-2-build-windows-amd64-cygwin\jdk8u20\1074\hotspot\src\share\vm\prims\jvm.cpp, line 1275]
Event: 19.735 Thread 0x000000001805d000 Exception <a 'java/security/PrivilegedActionException'> (0x00000000eb714a00) thrown at [D:\re\workspace\8-2-build-windows-amd64-cygwin\jdk8u20\1074\hotspot\src\share\vm\prims\jvm.cpp, line 1275]
Event: 19.735 Thread 0x000000001805d000 Exception <a 'java/security/PrivilegedActionException'> (0x00000000eb71e228) thrown at [D:\re\workspace\8-2-build-windows-amd64-cygwin\jdk8u20\1074\hotspot\src\share\vm\prims\jvm.cpp, line 1275]
Event: 19.739 Thread 0x000000001805d000 Exception <a 'java/security/PrivilegedActionException'> (0x00000000eb7436a8) thrown at [D:\re\workspace\8-2-build-windows-amd64-cygwin\jdk8u20\1074\hotspot\src\share\vm\prims\jvm.cpp, line 1275]
Event: 19.740 Thread 0x000000001805d000 Exception <a 'java/security/PrivilegedActionException'> (0x00000000eb749130) thrown at [D:\re\workspace\8-2-build-windows-amd64-cygwin\jdk8u20\1074\hotspot\src\share\vm\prims\jvm.cpp, line 1275]
Event: 19.740 Thread 0x000000001805d000 Exception <a 'java/security/PrivilegedActionException'> (0x00000000eb74a9b0) thrown at [D:\re\workspace\8-2-build-windows-amd64-cygwin\jdk8u20\1074\hotspot\src\share\vm\prims\jvm.cpp, line 1275]
Event: 19.740 Thread 0x000000001805d000 Exception <a 'java/security/PrivilegedActionException'> (0x00000000eb754f68) thrown at [D:\re\workspace\8-2-build-windows-amd64-cygwin\jdk8u20\1074\hotspot\src\share\vm\prims\jvm.cpp, line 1275]

Events (10 events):
Event: 22.495 Thread 0x000000001805d000 DEOPT UNPACKING pc=0x000000000319556a sp=0x000000001957ba80 mode 2
Event: 22.495 Thread 0x000000001805d000 Uncommon trap: trap_request=0xffffffde fr.pc=0x0000000003394078
Event: 22.495 Thread 0x000000001805d000 DEOPT PACKING pc=0x0000000003394078 sp=0x000000001957bc40
Event: 22.495 Thread 0x000000001805d000 DEOPT UNPACKING pc=0x000000000319556a sp=0x000000001957ba80 mode 2
Event: 22.521 Thread 0x000000001805d000 Uncommon trap: trap_request=0xffffffde fr.pc=0x0000000003394078
Event: 22.521 Thread 0x000000001805d000 DEOPT PACKING pc=0x0000000003394078 sp=0x000000001957bc40
Event: 22.521 Thread 0x000000001805d000 DEOPT UNPACKING pc=0x000000000319556a sp=0x000000001957ba80 mode 2
Event: 22.521 Thread 0x000000001805d000 Uncommon trap: trap_request=0xffffffde fr.pc=0x0000000003394078
Event: 22.521 Thread 0x000000001805d000 DEOPT PACKING pc=0x0000000003394078 sp=0x000000001957bc40
Event: 22.521 Thread 0x000000001805d000 DEOPT UNPACKING pc=0x000000000319556a sp=0x000000001957ba80 mode 2


Dynamic libraries:
0x00007ff6bb710000 - 0x00007ff6bb744000 	C:\Program Files\Java\jdk1.8.0_20\bin\java.exe
0x00007ffde6d00000 - 0x00007ffde6eac000 	C:\WINDOWS\SYSTEM32\ntdll.dll
0x00007ffde4b10000 - 0x00007ffde4c4e000 	C:\WINDOWS\system32\KERNEL32.DLL
0x00007ffde3f70000 - 0x00007ffde4085000 	C:\WINDOWS\system32\KERNELBASE.dll
0x00007ffde29f0000 - 0x00007ffde2a7e000 	C:\WINDOWS\system32\apphelp.dll
0x00007ffdc7810000 - 0x00007ffdc7863000 	C:\WINDOWS\AppPatch\AppPatch64\AcGenral.DLL
0x00007ffde5230000 - 0x00007ffde52da000 	C:\WINDOWS\system32\msvcrt.dll
0x00007ffde3c20000 - 0x00007ffde3c4e000 	C:\WINDOWS\SYSTEM32\SspiCli.dll
0x00007ffde43a0000 - 0x00007ffde43f4000 	C:\WINDOWS\system32\SHLWAPI.dll
0x00007ffde5040000 - 0x00007ffde51b7000 	C:\WINDOWS\system32\USER32.dll
0x00007ffde5470000 - 0x00007ffde5604000 	C:\WINDOWS\system32\ole32.dll
0x00007ffde5710000 - 0x00007ffde6c3b000 	C:\WINDOWS\system32\SHELL32.dll
0x00007ffde33f0000 - 0x00007ffde3411000 	C:\WINDOWS\SYSTEM32\USERENV.dll
0x00007ffde4de0000 - 0x00007ffde4e8a000 	C:\WINDOWS\system32\ADVAPI32.dll
0x00007ffddb010000 - 0x00007ffddb02e000 	C:\WINDOWS\SYSTEM32\MPR.dll
0x00007ffde4400000 - 0x00007ffde4541000 	C:\WINDOWS\system32\RPCRT4.dll
0x00007ffde56b0000 - 0x00007ffde5709000 	C:\WINDOWS\SYSTEM32\sechost.dll
0x00007ffde45b0000 - 0x00007ffde47c1000 	C:\WINDOWS\SYSTEM32\combase.dll
0x00007ffde52e0000 - 0x00007ffde5430000 	C:\WINDOWS\system32\GDI32.dll
0x00007ffde3e50000 - 0x00007ffde3e65000 	C:\WINDOWS\SYSTEM32\profapi.dll
0x00007ffde2420000 - 0x00007ffde24d2000 	C:\WINDOWS\SYSTEM32\SHCORE.dll
0x00007ffde5610000 - 0x00007ffde5646000 	C:\WINDOWS\system32\IMM32.DLL
0x00007ffde49b0000 - 0x00007ffde4b02000 	C:\WINDOWS\system32\MSCTF.dll
0x00007ffde1ab0000 - 0x00007ffde1d2b000 	C:\WINDOWS\WinSxS\amd64_microsoft.windows.common-controls_6595b64144ccf1df_6.0.9600.18006_none_623f33d3ecbe86e8\COMCTL32.dll
0x0000000064000000 - 0x00000000640d2000 	C:\Program Files\Java\jdk1.8.0_20\jre\bin\msvcr100.dll
0x0000000065270000 - 0x0000000065ac8000 	C:\Program Files\Java\jdk1.8.0_20\jre\bin\server\jvm.dll
0x00007ffddb090000 - 0x00007ffddb099000 	C:\WINDOWS\SYSTEM32\WSOCK32.dll
0x00007ffddf3e0000 - 0x00007ffddf402000 	C:\WINDOWS\SYSTEM32\WINMM.dll
0x00007ffde4390000 - 0x00007ffde4397000 	C:\WINDOWS\system32\PSAPI.DLL
0x00007ffde5650000 - 0x00007ffde56aa000 	C:\WINDOWS\system32\WS2_32.dll
0x00007ffddf3a0000 - 0x00007ffddf3ca000 	C:\WINDOWS\SYSTEM32\WINMMBASE.dll
0x00007ffde5450000 - 0x00007ffde5459000 	C:\WINDOWS\system32\NSI.dll
0x00007ffde3f20000 - 0x00007ffde3f6f000 	C:\WINDOWS\SYSTEM32\cfgmgr32.dll
0x00007ffde2c50000 - 0x00007ffde2c78000 	C:\WINDOWS\SYSTEM32\DEVOBJ.dll
0x0000000067020000 - 0x000000006702f000 	C:\Program Files\Java\jdk1.8.0_20\jre\bin\verify.dll
0x0000000065b00000 - 0x0000000065b28000 	C:\Program Files\Java\jdk1.8.0_20\jre\bin\java.dll
0x0000000065250000 - 0x0000000065266000 	C:\Program Files\Java\jdk1.8.0_20\jre\bin\zip.dll
0x0000000065230000 - 0x000000006524a000 	C:\Program Files\Java\jdk1.8.0_20\jre\bin\net.dll
0x00007ffde3660000 - 0x00007ffde36b9000 	C:\WINDOWS\system32\mswsock.dll
0x0000000065210000 - 0x0000000065221000 	C:\Program Files\Java\jdk1.8.0_20\jre\bin\nio.dll
0x00007ffdcb760000 - 0x00007ffdcb772000 	C:\Users\zblichao\.gradle\native\19\windows-amd64\native-platform.dll
0x00007ffdddbe0000 - 0x00007ffdddc0a000 	C:\WINDOWS\SYSTEM32\IPHLPAPI.DLL
0x00007ffdddbc0000 - 0x00007ffdddbca000 	C:\WINDOWS\SYSTEM32\WINNSI.DLL
0x00007ffddda60000 - 0x00007ffddda76000 	C:\WINDOWS\SYSTEM32\dhcpcsvc6.DLL
0x00007ffddd8d0000 - 0x00007ffddd8ea000 	C:\WINDOWS\SYSTEM32\dhcpcsvc.DLL
0x00007ffde36c0000 - 0x00007ffde36e0000 	C:\WINDOWS\SYSTEM32\CRYPTSP.dll
0x00007ffde32e0000 - 0x00007ffde3316000 	C:\WINDOWS\system32\rsaenh.dll
0x00007ffde3960000 - 0x00007ffde3986000 	C:\WINDOWS\SYSTEM32\bcrypt.dll
0x00007ffde3c50000 - 0x00007ffde3cb3000 	C:\WINDOWS\system32\bcryptprimitives.dll
0x00007ffde3cc0000 - 0x00007ffde3ccb000 	C:\WINDOWS\SYSTEM32\CRYPTBASE.dll
0x0000000065af0000 - 0x0000000065afd000 	C:\Program Files\Java\jdk1.8.0_20\jre\bin\management.dll
0x00007ffdd59d0000 - 0x00007ffdd5b59000 	C:\WINDOWS\SYSTEM32\dbghelp.dll

VM Arguments:
jvm_args: -XX:MaxPermSize=256m -XX:+HeapDumpOnOutOfMemoryError -Xmx1024m -Dfile.encoding=GBK -Duser.country=CN -Duser.language=zh -Duser.variant 
java_command: org.gradle.launcher.daemon.bootstrap.GradleDaemon 2.8
java_class_path (initial): C:\Users\zblichao\.gradle\wrapper\dists\gradle-2.8-all\ah86jmo43de9lfa8xg9ux3c4h\gradle-2.8\lib\gradle-launcher-2.8.jar
Launcher Type: SUN_STANDARD

Environment Variables:
JAVA_HOME=C:\Program Files\Java\jdk1.8.0_20
PATH=C:\ProgramData\Oracle\Java\javapath;C:\Program Files (x86)\NVIDIA Corporation\PhysX\Common;C:\Program Files (x86)\Intel\iCLS Client\;C:\Program Files\Intel\iCLS Client\;C:\WINDOWS\system32;C:\WINDOWS;C:\WINDOWS\System32\Wbem;C:\WINDOWS\System32\WindowsPowerShell\v1.0\;C:\Program Files (x86)\Windows Kits\8.1\Windows Performance Toolkit\;C:\Program Files\Intel\Intel(R) Management Engine Components\DAL;C:\Program Files\Intel\Intel(R) Management Engine Components\IPT;C:\Program Files (x86)\Intel\Intel(R) Management Engine Components\DAL;C:\Program Files (x86)\Intel\Intel(R) Management Engine Components\IPT;C:\Program Files\TortoiseSVN\bin;C:\Program Files (x86)\Microsoft SQL Server\100\Tools\Binn\;C:\Program Files\Microsoft SQL Server\100\Tools\Binn\;C:\Program Files\Microsoft SQL Server\100\DTS\Binn\;C:\Program Files (x86)\Microsoft SQL Server\100\Tools\Binn\VSShell\Common7\IDE\;C:\Program Files (x86)\Microsoft Visual Studio 9.0\Common7\IDE\PrivateAssemblies\;C:\Program Files (x86)\Microsoft SQL Server\100\DTS\Binn\;C:\Program Files\Java\jdk1.8.0_20\bin;C:\Program Files (x86)\Skype\Phone\;C:\Program Files\Java\jdk1.8.0_20\bin
USERNAME=zblichao
OS=Windows_NT
PROCESSOR_IDENTIFIER=Intel64 Family 6 Model 60 Stepping 3, GenuineIntel



---------------  S Y S T E M  ---------------

OS: Windows 8.1 , 64 bit Build 9600 

CPU:total 4 (2 cores per cpu, 2 threads per core) family 6 model 60 stepping 3, cmov, cx8, fxsr, mmx, sse, sse2, sse3, ssse3, sse4.1, sse4.2, popcnt, avx, avx2, aes, clmul, erms, lzcnt, ht, tsc, tscinvbit, bmi1, bmi2

Memory: 4k page, physical 8325616k(2689644k free), swap 33491440k(5124k free)

vm_info: Java HotSpot(TM) 64-Bit Server VM (25.20-b23) for windows-amd64 JRE (1.8.0_20-b26), built on Jul 30 2014 13:51:23 by "java_re" with MS VC++ 10.0 (VS2010)

time: Mon Mar 14 14:53:51 2016
elapsed time: 22 seconds (0d 0h 0m 22s)

