#
# There is insufficient memory for the Java Runtime Environment to continue.
# Native memory allocation (malloc) failed to allocate 480104 bytes for AllocateHeap
# Possible reasons:
#   The system is out of physical RAM or swap space
#   In 32 bit mode, the process size limit was hit
# Possible solutions:
#   Reduce memory load on the system
#   Increase physical memory or swap space
#   Check if swap backing store is full
#   Use 64 bit Java on a 64 bit OS
#   Decrease Java heap size (-Xmx/-Xms)
#   Decrease number of Java threads
#   Decrease Java thread stack sizes (-Xss)
#   Set larger code cache with -XX:ReservedCodeCacheSize=
# This output file may be truncated or incomplete.
#
#  Out of Memory Error (memory/allocation.inline.hpp:62), pid=9336, tid=13524
#
# JRE version:  (8.0_20-b26) (build )
# Java VM: Java HotSpot(TM) 64-Bit Server VM (25.20-b23 mixed mode windows-amd64 compressed oops)
# Failed to write core dump. Minidumps are not enabled by default on client versions of Windows
#

---------------  T H R E A D  ---------------

Current thread (0x000000000234d800):  JavaThread "Unknown thread" [_thread_in_vm, id=13524, stack(0x0000000002210000,0x0000000002310000)]

Stack: [0x0000000002210000,0x0000000002310000]
Native frames: (J=compiled Java code, j=interpreted, Vv=VM code, C=native code)
V  [jvm.dll+0x3152fa]


---------------  P R O C E S S  ---------------

Java Threads: ( => current thread )

Other Threads:

=>0x000000000234d800 (exited) JavaThread "Unknown thread" [_thread_in_vm, id=13524, stack(0x0000000002210000,0x0000000002310000)]

VM state:not at safepoint (not fully initialized)

VM Mutex/Monitor currently owned by a thread: None

GC Heap History (0 events):
No events

Deoptimization events (0 events):
No events

Internal exceptions (0 events):
No events

Events (0 events):
No events


Dynamic libraries:
0x00007ff6bb710000 - 0x00007ff6bb744000 	C:\Program Files\Java\jdk1.8.0_20\bin\java.exe
0x00007ffde6d00000 - 0x00007ffde6eac000 	C:\WINDOWS\SYSTEM32\ntdll.dll
0x00007ffde4b10000 - 0x00007ffde4c4e000 	C:\WINDOWS\system32\KERNEL32.DLL
0x00007ffde3f70000 - 0x00007ffde4085000 	C:\WINDOWS\system32\KERNELBASE.dll
0x00007ffde29f0000 - 0x00007ffde2a7e000 	C:\WINDOWS\system32\apphelp.dll
0x00007ffdc7810000 - 0x00007ffdc7863000 	C:\WINDOWS\AppPatch\AppPatch64\AcGenral.DLL
0x00007ffde5230000 - 0x00007ffde52da000 	C:\WINDOWS\system32\msvcrt.dll
0x00007ffde3c20000 - 0x00007ffde3c4e000 	C:\WINDOWS\SYSTEM32\SspiCli.dll
0x00007ffde43a0000 - 0x00007ffde43f4000 	C:\WINDOWS\system32\SHLWAPI.dll
0x00007ffde5040000 - 0x00007ffde51b7000 	C:\WINDOWS\system32\USER32.dll
0x00007ffde5470000 - 0x00007ffde5604000 	C:\WINDOWS\system32\ole32.dll
0x00007ffde5710000 - 0x00007ffde6c3b000 	C:\WINDOWS\system32\SHELL32.dll
0x00007ffde33f0000 - 0x00007ffde3411000 	C:\WINDOWS\SYSTEM32\USERENV.dll
0x00007ffde4de0000 - 0x00007ffde4e8a000 	C:\WINDOWS\system32\ADVAPI32.dll
0x00007ffddb010000 - 0x00007ffddb02e000 	C:\WINDOWS\SYSTEM32\MPR.dll
0x00007ffde4400000 - 0x00007ffde4541000 	C:\WINDOWS\system32\RPCRT4.dll
0x00007ffde56b0000 - 0x00007ffde5709000 	C:\WINDOWS\SYSTEM32\sechost.dll
0x00007ffde45b0000 - 0x00007ffde47c1000 	C:\WINDOWS\SYSTEM32\combase.dll
0x00007ffde52e0000 - 0x00007ffde5430000 	C:\WINDOWS\system32\GDI32.dll
0x00007ffde3e50000 - 0x00007ffde3e65000 	C:\WINDOWS\SYSTEM32\profapi.dll
0x00007ffde2420000 - 0x00007ffde24d2000 	C:\WINDOWS\SYSTEM32\SHCORE.dll
0x00007ffde5610000 - 0x00007ffde5646000 	C:\WINDOWS\system32\IMM32.DLL
0x00007ffde49b0000 - 0x00007ffde4b02000 	C:\WINDOWS\system32\MSCTF.dll
0x00007ffde1ab0000 - 0x00007ffde1d2b000 	C:\WINDOWS\WinSxS\amd64_microsoft.windows.common-controls_6595b64144ccf1df_6.0.9600.18006_none_623f33d3ecbe86e8\COMCTL32.dll
0x0000000064000000 - 0x00000000640d2000 	C:\Program Files\Java\jdk1.8.0_20\jre\bin\msvcr100.dll
0x0000000065270000 - 0x0000000065ac8000 	C:\Program Files\Java\jdk1.8.0_20\jre\bin\server\jvm.dll
0x00007ffddb090000 - 0x00007ffddb099000 	C:\WINDOWS\SYSTEM32\WSOCK32.dll
0x00007ffddf3e0000 - 0x00007ffddf402000 	C:\WINDOWS\SYSTEM32\WINMM.dll
0x00007ffde4390000 - 0x00007ffde4397000 	C:\WINDOWS\system32\PSAPI.DLL
0x00007ffde5650000 - 0x00007ffde56aa000 	C:\WINDOWS\system32\WS2_32.dll
0x00007ffddf3a0000 - 0x00007ffddf3ca000 	C:\WINDOWS\SYSTEM32\WINMMBASE.dll
0x00007ffde5450000 - 0x00007ffde5459000 	C:\WINDOWS\system32\NSI.dll
0x00007ffde3f20000 - 0x00007ffde3f6f000 	C:\WINDOWS\SYSTEM32\cfgmgr32.dll
0x00007ffde2c50000 - 0x00007ffde2c78000 	C:\WINDOWS\SYSTEM32\DEVOBJ.dll
0x0000000067020000 - 0x000000006702f000 	C:\Program Files\Java\jdk1.8.0_20\jre\bin\verify.dll
0x0000000065b00000 - 0x0000000065b28000 	C:\Program Files\Java\jdk1.8.0_20\jre\bin\java.dll
0x0000000065250000 - 0x0000000065266000 	C:\Program Files\Java\jdk1.8.0_20\jre\bin\zip.dll
0x00007ffdd59d0000 - 0x00007ffdd5b59000 	C:\WINDOWS\SYSTEM32\dbghelp.dll

VM Arguments:
jvm_args: -Djava.awt.headless=true -Xmx1024M -Dfile.encoding=GBK -Duser.country=CN -Duser.language=zh -Duser.variant 
java_command: com.android.dx.command.Main --dex --num-threads=4 --output C:\Users\zblichao\Desktop\SliderView\ScanCode\ScanCode\app\build\intermediates\pre-dexed\debug\com.android.support-animated-vector-drawable-23.2.0_a3b403c0cff72122f4376f89213d2415d878b272.jar C:\Users\zblichao\Desktop\SliderView\ScanCode\ScanCode\app\build\intermediates\exploded-aar\com.android.support\animated-vector-drawable\23.2.0\jars\classes.jar
java_class_path (initial): C:\Users\zblichao\AppData\Local\Android\sdk\build-tools\23.0.2\lib\dx.jar
Launcher Type: SUN_STANDARD

Environment Variables:
JAVA_HOME=C:\Program Files\Java\jdk1.8.0_20
PATH=C:\ProgramData\Oracle\Java\javapath;C:\Program Files (x86)\NVIDIA Corporation\PhysX\Common;C:\Program Files (x86)\Intel\iCLS Client\;C:\Program Files\Intel\iCLS Client\;C:\WINDOWS\system32;C:\WINDOWS;C:\WINDOWS\System32\Wbem;C:\WINDOWS\System32\WindowsPowerShell\v1.0\;C:\Program Files (x86)\Windows Kits\8.1\Windows Performance Toolkit\;C:\Program Files\Intel\Intel(R) Management Engine Components\DAL;C:\Program Files\Intel\Intel(R) Management Engine Components\IPT;C:\Program Files (x86)\Intel\Intel(R) Management Engine Components\DAL;C:\Program Files (x86)\Intel\Intel(R) Management Engine Components\IPT;C:\Program Files\TortoiseSVN\bin;C:\Program Files (x86)\Microsoft SQL Server\100\Tools\Binn\;C:\Program Files\Microsoft SQL Server\100\Tools\Binn\;C:\Program Files\Microsoft SQL Server\100\DTS\Binn\;C:\Program Files (x86)\Microsoft SQL Server\100\Tools\Binn\VSShell\Common7\IDE\;C:\Program Files (x86)\Microsoft Visual Studio 9.0\Common7\IDE\PrivateAssemblies\;C:\Program Files (x86)\Microsoft SQL Server\100\DTS\Binn\;C:\Program Files\Java\jdk1.8.0_20\bin;C:\Program Files (x86)\Skype\Phone\;C:\Program Files\Java\jdk1.8.0_20\bin
USERNAME=zblichao
OS=Windows_NT
PROCESSOR_IDENTIFIER=Intel64 Family 6 Model 60 Stepping 3, GenuineIntel



---------------  S Y S T E M  ---------------

OS: Windows 8.1 , 64 bit Build 9600 

CPU:total 4 (2 cores per cpu, 2 threads per core) family 6 model 60 stepping 3, cmov, cx8, fxsr, mmx, sse, sse2, sse3, ssse3, sse4.1, sse4.2, popcnt, avx, avx2, aes, clmul, erms, lzcnt, ht, tsc, tscinvbit, bmi1, bmi2

Memory: 4k page, physical 8325616k(2946488k free), swap 33491440k(3976k free)

vm_info: Java HotSpot(TM) 64-Bit Server VM (25.20-b23) for windows-amd64 JRE (1.8.0_20-b26), built on Jul 30 2014 13:51:23 by "java_re" with MS VC++ 10.0 (VS2010)

time: Mon Mar 14 15:00:04 2016
elapsed time: 0 seconds (0d 0h 0m 0s)

